{
  "stats": {
    "suites": 1,
    "tests": 1,
    "passes": 1,
    "pending": 0,
    "failures": 0,
    "start": "2023-08-16T16:24:40.111Z",
    "end": "2023-08-16T16:24:49.548Z",
    "duration": 9437,
    "testsRegistered": 1,
    "passPercent": 100,
    "pendingPercent": 0,
    "other": 0,
    "hasOther": false,
    "skipped": 0,
    "hasSkipped": false
  },
  "results": [
    {
      "uuid": "30565dc2-8769-4fef-8484-5a99a561235d",
      "title": "",
      "fullFile": "cypress/integration/UI/Home.js",
      "file": "cypress/integration/UI/Home.js",
      "beforeHooks": [],
      "afterHooks": [],
      "tests": [],
      "suites": [
        {
          "uuid": "45f2ac75-bf79-4939-abc1-c5c0a97333ed",
          "title": "Home Page",
          "fullFile": "",
          "file": "",
          "beforeHooks": [],
          "afterHooks": [],
          "tests": [
            {
              "title": "My first testcase",
              "fullTitle": "Home Page My first testcase",
              "timedOut": null,
              "duration": 5374,
              "state": "passed",
              "speed": "medium",
              "pass": true,
              "fail": false,
              "pending": false,
              "context": null,
              "code": "var homepage = new _HomePage[\"default\"]();\ncy.visit(Cypress.env('url') + \"/angularpractice/\");\n//fetching data from the fixtures.\nhomepage.getName().type(this.data.name);\nhomepage.getEmail().type(this.data.email);\nhomepage.getPassword().type(this.data.password);\nhomepage.getGender().select(this.data.gender).should('have.value', 'Female');\nhomepage.getEmploymentStatus().check().should('be.checked');\nhomepage.getDateOfBirth().type(this.data.DateofBirth);\nhomepage.getBindingTextField().should('have.value', this.data.name);\nhomepage.getName().should('have.attr', 'minlength', '2');\nhomepage.getDisabledButton().should('be.disabled');\nhomepage.getSubmit().click();\nhomepage.getSuccess().contains(\"The Form has been submitted successfully!.\");\nhomepage.getShopTab().click();",
              "err": {},
              "uuid": "ec81f7e2-b29f-41e4-bb41-7f9c29bb3e41",
              "parentUUID": "45f2ac75-bf79-4939-abc1-c5c0a97333ed",
              "isHook": false,
              "skipped": false
            }
          ],
          "suites": [],
          "passes": [
            "ec81f7e2-b29f-41e4-bb41-7f9c29bb3e41"
          ],
          "failures": [],
          "pending": [],
          "skipped": [],
          "duration": 5374,
          "root": false,
          "rootEmpty": false,
          "_timeout": 2000
        }
      ],
      "passes": [],
      "failures": [],
      "pending": [],
      "skipped": [],
      "duration": 0,
      "root": true,
      "rootEmpty": true,
      "_timeout": 2000
    }
  ],
  "meta": {
    "mocha": {
      "version": "7.0.1"
    },
    "mochawesome": {
      "options": {
        "quiet": false,
        "reportFilename": "mochawesome",
        "saveHtml": false,
        "saveJson": true,
        "consoleReporter": "spec",
        "useInlineDiffs": false,
        "code": true
      },
      "version": "7.1.3"
    },
    "marge": {
      "options": {
        "reportDir": "cypress/reports/mochawesome",
        "overwrite": false,
        "html": false,
        "json": true
      },
      "version": "6.2.0"
    }
  }
}