{
  "stats": {
    "suites": 1,
    "tests": 1,
    "passes": 1,
    "pending": 0,
    "failures": 0,
    "start": "2023-08-16T16:28:18.729Z",
    "end": "2023-08-16T16:28:36.814Z",
    "duration": 18085,
    "testsRegistered": 1,
    "passPercent": 100,
    "pendingPercent": 0,
    "other": 0,
    "hasOther": false,
    "skipped": 0,
    "hasSkipped": false
  },
  "results": [
    {
      "uuid": "e01342b3-587d-43ca-9133-f0fb67793b8d",
      "title": "",
      "fullFile": "cypress/integration/UI/Shopping.js",
      "file": "cypress/integration/UI/Shopping.js",
      "beforeHooks": [],
      "afterHooks": [],
      "tests": [],
      "suites": [
        {
          "uuid": "5ad1e77a-46d8-4f22-b8fe-edc88aef7463",
          "title": "Shopping",
          "fullFile": "",
          "file": "",
          "beforeHooks": [],
          "afterHooks": [],
          "tests": [
            {
              "title": "When I want to verify the items prices with the total price",
              "fullTitle": "Shopping When I want to verify the items prices with the total price",
              "timedOut": null,
              "duration": 9507,
              "state": "passed",
              "speed": "medium",
              "pass": true,
              "fail": false,
              "pending": false,
              "context": null,
              "code": "var sum = 0;\nshoppage.getAmountOfAll().each(function ($el, index, $list) {\n  var actualAmount = $el.text();\n  var result = actualAmount.split(\" \")[1].trim();\n  sum += Number(result);\n}).then(function () {\n  cy.log(sum);\n  shoppage.getTotalAmount().then(function ($el) {\n    var totalAmount = Number($el.text().split(\" \")[1].trim());\n    expect(sum).to.equal(totalAmount);\n  });\n});",
              "err": {},
              "uuid": "d1a4d0a0-258e-4d66-a553-1aad0e43cc3f",
              "parentUUID": "5ad1e77a-46d8-4f22-b8fe-edc88aef7463",
              "isHook": false,
              "skipped": false
            }
          ],
          "suites": [],
          "passes": [
            "d1a4d0a0-258e-4d66-a553-1aad0e43cc3f"
          ],
          "failures": [],
          "pending": [],
          "skipped": [],
          "duration": 9507,
          "root": false,
          "rootEmpty": false,
          "_timeout": 2000
        }
      ],
      "passes": [],
      "failures": [],
      "pending": [],
      "skipped": [],
      "duration": 0,
      "root": true,
      "rootEmpty": true,
      "_timeout": 2000
    }
  ],
  "meta": {
    "mocha": {
      "version": "7.0.1"
    },
    "mochawesome": {
      "options": {
        "quiet": false,
        "reportFilename": "mochawesome-report-[hash]",
        "saveHtml": false,
        "saveJson": true,
        "consoleReporter": "spec",
        "useInlineDiffs": false,
        "code": true
      },
      "version": "7.1.3"
    },
    "marge": {
      "options": {
        "reportDir": "cypress/reports/mochawesome",
        "overwrite": false,
        "html": false,
        "json": true,
        "reportFilename": "mochawesome-report-[hash]"
      },
      "version": "6.2.0"
    }
  }
}